<?xml version="1.0" encoding="utf-8"?><testsuites><testsuite name="pytest" errors="0" failures="0" skipped="0" tests="6" time="4.016" timestamp="2025-05-28T22:42:09.284448+00:00" hostname="fv-az1337-145"><testcase classname="test_database_connections.TestDatabaseConnections" name="test_mongodb_connection" time="0.011" /><testcase classname="test_database_connections.TestDatabaseConnections" name="test_postgresql_connection" time="0.008" /><testcase classname="test_database_connections.TestDatabaseConnections" name="test_redis_connection" time="0.002" /><testcase classname="test_repositories.TestBooksRepository" name="test_repository_crud" time="0.089" /><testcase classname="test_responses.TestEnvelopeFormat" name="test_envelope_keys" time="0.086" /><testcase classname="test_services.TestBooksServices" name="test_service_create_retrieve_update_delete_flow" time="0.066" /></testsuite></testsuites>