<?xml version="1.0" encoding="utf-8"?><testsuites><testsuite name="pytest" errors="0" failures="0" skipped="0" tests="6" time="4.003" timestamp="2025-05-29T02:22:39.122292+00:00" hostname="fv-az1118-434"><testcase classname="common.test_database_connections.TestDatabaseConnections" name="test_mongodb_connection" time="0.011" /><testcase classname="common.test_database_connections.TestDatabaseConnections" name="test_postgresql_connection" time="0.009" /><testcase classname="common.test_database_connections.TestDatabaseConnections" name="test_redis_connection" time="0.003" /><testcase classname="v1.test_books.test_repositories.TestBooksRepository" name="test_repository_crud" time="0.090" /><testcase classname="v1.test_books.test_responses.TestEnvelopeFormat" name="test_envelope_keys" time="0.085" /><testcase classname="v1.test_books.test_services.TestBooksServices" name="test_service_create_retrieve_update_delete_flow" time="0.049" /></testsuite></testsuites>